<html>
<head>
<title>TestNG:  Regression suite 1</title>
<link href="../testng.css" rel="stylesheet" type="text/css" />
<link href="../my-testng.css" rel="stylesheet" type="text/css" />

<style type="text/css">
.log { display: none;} 
.stack-trace { display: none;} 
</style>
<script type="text/javascript">
<!--
function flip(e) {
  current = e.style.display;
  if (current == 'block') {
    e.style.display = 'none';
    return 0;
  }
  else {
    e.style.display = 'block';
    return 1;
  }
}

function toggleBox(szDivId, elem, msg1, msg2)
{
  var res = -1;  if (document.getElementById) {
    res = flip(document.getElementById(szDivId));
  }
  else if (document.all) {
    // this is the way old msie versions work
    res = flip(document.all[szDivId]);
  }
  if(elem) {
    if(res == 0) elem.innerHTML = msg1; else elem.innerHTML = msg2;
  }

}

function toggleAllBoxes() {
  if (document.getElementsByTagName) {
    d = document.getElementsByTagName('div');
    for (i = 0; i < d.length; i++) {
      if (d[i].className == 'log') {
        flip(d[i]);
      }
    }
  }
}

// -->
</script>

</head>
<body>
<h2 align='center'>Regression suite 1</h2><table border='1' align="center">
<tr>
<td>Tests passed/Failed/Skipped:</td><td>14/2/1</td>
</tr><tr>
<td>Started on:</td><td>Fri Jun 16 20:23:38 IST 2023</td>
</tr>
<tr><td>Total time:</td><td>0 seconds (193 ms)</td>
</tr><tr>
<td>Included groups:</td><td></td>
</tr><tr>
<td>Excluded groups:</td><td></td>
</tr>
</table><p/>
<small><i>(Hover the method name to see the test class name)</i></small><p/>
<table width='100%' border='1' class='invocation-failed'>
<tr><td colspan='4' align='center'><b>FAILED TESTS</b></td></tr>
<tr><td><b>Test method</b></td>
<td width="30%"><b>Exception</b></td>
<td width="10%"><b>Time (seconds)</b></td>
<td><b>Instance</b></td>
</tr>
<tr>
<td title='testNGDemo.TestNGDemo4.customerDetails()'><b>customerDetails</b><br>Test class: testNGDemo.TestNGDemo4</td>
<td><div><pre>java.lang.ArithmeticException: / by zero
	at testNGDemo.TestNGDemo4.customerDetails(TestNGDemo4.java:15)
... Removed 24 stack frames</pre></div><a href='#' onClick='toggleBox("stack-trace1576861390", this, "Click to show all stack frames", "Click to hide stack frames")'>Click to show all stack frames</a>
<div class='stack-trace' id='stack-trace1576861390'><pre>java.lang.ArithmeticException: / by zero
	at testNGDemo.TestNGDemo4.customerDetails(TestNGDemo4.java:15)
	at sun.reflect.NativeMethodAccessorImpl.invoke0(Native Method)
	at sun.reflect.NativeMethodAccessorImpl.invoke(Unknown Source)
	at sun.reflect.DelegatingMethodAccessorImpl.invoke(Unknown Source)
	at java.lang.reflect.Method.invoke(Unknown Source)
	at org.testng.internal.MethodInvocationHelper.invokeMethod(MethodInvocationHelper.java:85)
	at org.testng.internal.Invoker.invokeMethod(Invoker.java:663)
	at org.testng.internal.Invoker.invokeTestMethod(Invoker.java:849)
	at org.testng.internal.Invoker.invokeTestMethods(Invoker.java:1157)
	at org.testng.internal.TestMethodWorker.invokeTestMethods(TestMethodWorker.java:124)
	at org.testng.internal.TestMethodWorker.run(TestMethodWorker.java:108)
	at org.testng.TestRunner.privateRun(TestRunner.java:771)
	at org.testng.TestRunner.run(TestRunner.java:621)
	at org.testng.SuiteRunner.runTest(SuiteRunner.java:357)
	at org.testng.SuiteRunner.runSequentially(SuiteRunner.java:352)
	at org.testng.SuiteRunner.privateRun(SuiteRunner.java:310)
	at org.testng.SuiteRunner.run(SuiteRunner.java:259)
	at org.testng.SuiteRunnerWorker.runSuite(SuiteRunnerWorker.java:52)
	at org.testng.SuiteRunnerWorker.run(SuiteRunnerWorker.java:86)
	at org.testng.TestNG.runSuitesSequentially(TestNG.java:1200)
	at org.testng.TestNG.runSuitesLocally(TestNG.java:1125)
	at org.testng.TestNG.run(TestNG.java:1033)
	at org.testng.remote.RemoteTestNG.run(RemoteTestNG.java:111)
	at org.testng.remote.RemoteTestNG.initAndRun(RemoteTestNG.java:204)
	at org.testng.remote.RemoteTestNG.main(RemoteTestNG.java:175)
</pre></div></td>
<td>0</td>
<td>testNGDemo.TestNGDemo4@6ad5c04e</td></tr>
<tr>
<td title='testNGDemo.TestNGDemo3.funB()'><b>funB</b><br>Test class: testNGDemo.TestNGDemo3</td>
<td><div><pre>java.lang.ArithmeticException: / by zero
	at testNGDemo.TestNGDemo3.funB(TestNGDemo3.java:16)
... Removed 24 stack frames</pre></div><a href='#' onClick='toggleBox("stack-trace519821334", this, "Click to show all stack frames", "Click to hide stack frames")'>Click to show all stack frames</a>
<div class='stack-trace' id='stack-trace519821334'><pre>java.lang.ArithmeticException: / by zero
	at testNGDemo.TestNGDemo3.funB(TestNGDemo3.java:16)
	at sun.reflect.NativeMethodAccessorImpl.invoke0(Native Method)
	at sun.reflect.NativeMethodAccessorImpl.invoke(Unknown Source)
	at sun.reflect.DelegatingMethodAccessorImpl.invoke(Unknown Source)
	at java.lang.reflect.Method.invoke(Unknown Source)
	at org.testng.internal.MethodInvocationHelper.invokeMethod(MethodInvocationHelper.java:85)
	at org.testng.internal.Invoker.invokeMethod(Invoker.java:663)
	at org.testng.internal.Invoker.invokeTestMethod(Invoker.java:849)
	at org.testng.internal.Invoker.invokeTestMethods(Invoker.java:1157)
	at org.testng.internal.TestMethodWorker.invokeTestMethods(TestMethodWorker.java:124)
	at org.testng.internal.TestMethodWorker.run(TestMethodWorker.java:108)
	at org.testng.TestRunner.privateRun(TestRunner.java:771)
	at org.testng.TestRunner.run(TestRunner.java:621)
	at org.testng.SuiteRunner.runTest(SuiteRunner.java:357)
	at org.testng.SuiteRunner.runSequentially(SuiteRunner.java:352)
	at org.testng.SuiteRunner.privateRun(SuiteRunner.java:310)
	at org.testng.SuiteRunner.run(SuiteRunner.java:259)
	at org.testng.SuiteRunnerWorker.runSuite(SuiteRunnerWorker.java:52)
	at org.testng.SuiteRunnerWorker.run(SuiteRunnerWorker.java:86)
	at org.testng.TestNG.runSuitesSequentially(TestNG.java:1200)
	at org.testng.TestNG.runSuitesLocally(TestNG.java:1125)
	at org.testng.TestNG.run(TestNG.java:1033)
	at org.testng.remote.RemoteTestNG.run(RemoteTestNG.java:111)
	at org.testng.remote.RemoteTestNG.initAndRun(RemoteTestNG.java:204)
	at org.testng.remote.RemoteTestNG.main(RemoteTestNG.java:175)
</pre></div></td>
<td>0</td>
<td>testNGDemo.TestNGDemo3@6ea6d14e</td></tr>
</table><p>
<table width='100%' border='1' class='invocation-passed'>
<tr><td colspan='4' align='center'><b>PASSED TESTS</b></td></tr>
<tr><td><b>Test method</b></td>
<td width="30%"><b>Exception</b></td>
<td width="10%"><b>Time (seconds)</b></td>
<td><b>Instance</b></td>
</tr>
<tr>
<td title='testNGDemo.NewTest.f()'><b>f</b><br>Test class: testNGDemo.NewTest</td>
<td></td>
<td>0</td>
<td>testNGDemo.NewTest@546a03af</td></tr>
<tr>
<td title='testNGDemo.JUnitDemo3.funA()'><b>funA</b><br>Test class: testNGDemo.JUnitDemo3</td>
<td></td>
<td>0</td>
<td>testNGDemo.JUnitDemo3@3834d63f</td></tr>
<tr>
<td title='testNGDemo.TestNGDemo1.funA()'><b>funA</b><br>Test class: testNGDemo.TestNGDemo1</td>
<td></td>
<td>0</td>
<td>testNGDemo.TestNGDemo1@721e0f4f</td></tr>
<tr>
<td title='testNGDemo.TestNGDemo2.funA()'><b>funA</b><br>Test class: testNGDemo.TestNGDemo2</td>
<td></td>
<td>0</td>
<td>testNGDemo.TestNGDemo2@28864e92</td></tr>
<tr>
<td title='testNGDemo.TestNGDemo3.funA()'><b>funA</b><br>Test class: testNGDemo.TestNGDemo3</td>
<td></td>
<td>0</td>
<td>testNGDemo.TestNGDemo3@6ea6d14e</td></tr>
<tr>
<td title='testNGDemo.TestNGDemo5.funA()'><b>funA</b><br>Test class: testNGDemo.TestNGDemo5</td>
<td></td>
<td>0</td>
<td>testNGDemo.TestNGDemo5@6833ce2c</td></tr>
<tr>
<td title='testNGDemo.TestNGGroupDemo1.funA()'><b>funA</b><br>Test class: testNGDemo.TestNGGroupDemo1</td>
<td></td>
<td>0</td>
<td>testNGDemo.TestNGGroupDemo1@725bef66</td></tr>
<tr>
<td title='testNGDemo.TestNGDemo2.funB()'><b>funB</b><br>Test class: testNGDemo.TestNGDemo2</td>
<td></td>
<td>0</td>
<td>testNGDemo.TestNGDemo2@28864e92</td></tr>
<tr>
<td title='testNGDemo.TestNGGroupDemo1.funB()'><b>funB</b><br>Test class: testNGDemo.TestNGGroupDemo1</td>
<td></td>
<td>0</td>
<td>testNGDemo.TestNGGroupDemo1@725bef66</td></tr>
<tr>
<td title='testNGDemo.TestNGDemo2.funC()'><b>funC</b><br>Test class: testNGDemo.TestNGDemo2</td>
<td></td>
<td>0</td>
<td>testNGDemo.TestNGDemo2@28864e92</td></tr>
<tr>
<td title='testNGDemo.TestNGGroupDemo1.funC()'><b>funC</b><br>Test class: testNGDemo.TestNGGroupDemo1</td>
<td></td>
<td>0</td>
<td>testNGDemo.TestNGGroupDemo1@725bef66</td></tr>
<tr>
<td title='testNGDemo.TestNGDemo2.funD()'><b>funD</b><br>Test class: testNGDemo.TestNGDemo2</td>
<td></td>
<td>0</td>
<td>testNGDemo.TestNGDemo2@28864e92</td></tr>
<tr>
<td title='testNGDemo.TestNGGroupDemo1.funD()'><b>funD</b><br>Test class: testNGDemo.TestNGGroupDemo1</td>
<td></td>
<td>0</td>
<td>testNGDemo.TestNGGroupDemo1@725bef66</td></tr>
<tr>
<td title='testNGDemo.TestNGDemo4.loginTest()'><b>loginTest</b><br>Test class: testNGDemo.TestNGDemo4</td>
<td></td>
<td>0</td>
<td>testNGDemo.TestNGDemo4@6ad5c04e</td></tr>
</table><p>
<table width='100%' border='1' class='invocation-skipped'>
<tr><td colspan='4' align='center'><b>SKIPPED TESTS</b></td></tr>
<tr><td><b>Test method</b></td>
<td width="30%"><b>Exception</b></td>
<td width="10%"><b>Time (seconds)</b></td>
<td><b>Instance</b></td>
</tr>
<tr>
<td title='testNGDemo.TestNGDemo3.funC()'><b>funC</b><br>Test class: testNGDemo.TestNGDemo3</td>
<td><div><pre>org.testng.SkipException: TestNG SkipException
	at testNGDemo.TestNGDemo3.funC(TestNGDemo3.java:23)
... Removed 24 stack frames</pre></div><a href='#' onClick='toggleBox("stack-trace644460953", this, "Click to show all stack frames", "Click to hide stack frames")'>Click to show all stack frames</a>
<div class='stack-trace' id='stack-trace644460953'><pre>org.testng.SkipException: TestNG SkipException
	at testNGDemo.TestNGDemo3.funC(TestNGDemo3.java:23)
	at sun.reflect.NativeMethodAccessorImpl.invoke0(Native Method)
	at sun.reflect.NativeMethodAccessorImpl.invoke(Unknown Source)
	at sun.reflect.DelegatingMethodAccessorImpl.invoke(Unknown Source)
	at java.lang.reflect.Method.invoke(Unknown Source)
	at org.testng.internal.MethodInvocationHelper.invokeMethod(MethodInvocationHelper.java:85)
	at org.testng.internal.Invoker.invokeMethod(Invoker.java:663)
	at org.testng.internal.Invoker.invokeTestMethod(Invoker.java:849)
	at org.testng.internal.Invoker.invokeTestMethods(Invoker.java:1157)
	at org.testng.internal.TestMethodWorker.invokeTestMethods(TestMethodWorker.java:124)
	at org.testng.internal.TestMethodWorker.run(TestMethodWorker.java:108)
	at org.testng.TestRunner.privateRun(TestRunner.java:771)
	at org.testng.TestRunner.run(TestRunner.java:621)
	at org.testng.SuiteRunner.runTest(SuiteRunner.java:357)
	at org.testng.SuiteRunner.runSequentially(SuiteRunner.java:352)
	at org.testng.SuiteRunner.privateRun(SuiteRunner.java:310)
	at org.testng.SuiteRunner.run(SuiteRunner.java:259)
	at org.testng.SuiteRunnerWorker.runSuite(SuiteRunnerWorker.java:52)
	at org.testng.SuiteRunnerWorker.run(SuiteRunnerWorker.java:86)
	at org.testng.TestNG.runSuitesSequentially(TestNG.java:1200)
	at org.testng.TestNG.runSuitesLocally(TestNG.java:1125)
	at org.testng.TestNG.run(TestNG.java:1033)
	at org.testng.remote.RemoteTestNG.run(RemoteTestNG.java:111)
	at org.testng.remote.RemoteTestNG.initAndRun(RemoteTestNG.java:204)
	at org.testng.remote.RemoteTestNG.main(RemoteTestNG.java:175)
</pre></div></td>
<td>0</td>
<td>testNGDemo.TestNGDemo3@6ea6d14e</td></tr>
</table><p>
</body>
</html>